<?xml version="1.0" encoding="UTF-8"?>
<testng-results total="2" passed="2" failed="0" skipped="0">
  <reporter-output>
    <line>
      <![CDATA[Application opened]]>
    </line>
    <line>
      <![CDATA[Login completed]]>
    </line>
    <line>
      <![CDATA[Logout completed]]>
    </line>
    <line>
      <![CDATA[Application closed]]>
    </line>
    <line>
      <![CDATA[Application opened]]>
    </line>
    <line>
      <![CDATA[Login completed]]>
    </line>
    <line>
      <![CDATA[Adding new emp]]>
    </line>
    <line>
      <![CDATA[Deleted emp]]>
    </line>
    <line>
      <![CDATA[Logout completed]]>
    </line>
    <line>
      <![CDATA[Application closed]]>
    </line>
  </reporter-output>
  <suite started-at="2020-12-17T06:53:50Z" name="Suite1" finished-at="2020-12-17T06:54:47Z" duration-ms="57639">
    <groups>
    </groups>
    <test started-at="2020-12-17T06:53:50Z" name="Nopackage" finished-at="2020-12-17T06:54:47Z" duration-ms="57639">
      <class name="com.hrms.testScripts.TC_002">
        <test-method signature="tc002()[pri:0, instance:com.hrms.testScripts.TC_002@fba92d3]" started-at="2020-12-17T12:24:37Z" name="tc002" finished-at="2020-12-17T12:24:47Z" duration-ms="10759" status="PASS">
          <reporter-output>
            <line>
              <![CDATA[Application opened]]>
            </line>
            <line>
              <![CDATA[Login completed]]>
            </line>
            <line>
              <![CDATA[Adding new emp]]>
            </line>
            <line>
              <![CDATA[Deleted emp]]>
            </line>
            <line>
              <![CDATA[Logout completed]]>
            </line>
            <line>
              <![CDATA[Application closed]]>
            </line>
          </reporter-output>
        </test-method> <!-- tc002 -->
      </class> <!-- com.hrms.testScripts.TC_002 -->
      <class name="com.hrms.testScripts.TC_001">
        <test-method signature="tc001()[pri:0, instance:com.hrms.testScripts.TC_001@5403f35f]" started-at="2020-12-17T12:23:50Z" name="tc001" finished-at="2020-12-17T12:24:37Z" duration-ms="46822" status="PASS">
          <reporter-output>
            <line>
              <![CDATA[Application opened]]>
            </line>
            <line>
              <![CDATA[Login completed]]>
            </line>
            <line>
              <![CDATA[Logout completed]]>
            </line>
            <line>
              <![CDATA[Application closed]]>
            </line>
          </reporter-output>
        </test-method> <!-- tc001 -->
      </class> <!-- com.hrms.testScripts.TC_001 -->
    </test> <!-- Nopackage -->
  </suite> <!-- Suite1 -->
</testng-results>
